This is pdfTeX, Version 3.14159265-2.6-1.40.15 (TeX Live 2015/dev/Debian) (preloaded format=pdflatex 2017.3.28)  30 MAY 2018 16:57
entering extended mode
 restricted \write18 enabled.
 %&-line parsing enabled.
**Regions-Clustering-Seaborn-New-With-Code.tex
(./Regions-Clustering-Seaborn-New-With-Code.tex
LaTeX2e <2014/05/01>
Babel <3.9l> and hyphenation patterns for 9 languages loaded.
(/usr/share/texlive/texmf-dist/tex/latex/base/article.cls
Document Class: article 2014/09/29 v1.4h Standard LaTeX document class
(/usr/share/texlive/texmf-dist/tex/latex/base/size11.clo
File: size11.clo 2014/09/29 v1.4h Standard LaTeX file (size option)
)
\c@part=\count79
\c@section=\count80
\c@subsection=\count81
\c@subsubsection=\count82
\c@paragraph=\count83
\c@subparagraph=\count84
\c@figure=\count85
\c@table=\count86
\abovecaptionskip=\skip41
\belowcaptionskip=\skip42
\bibindent=\dimen102
)
(/usr/share/texlive/texmf-dist/tex/latex/base/fontenc.sty
Package: fontenc 2005/09/27 v1.99g Standard LaTeX package

(/usr/share/texlive/texmf-dist/tex/latex/base/t1enc.def
File: t1enc.def 2005/09/27 v1.99g Standard LaTeX file
LaTeX Font Info:    Redeclaring font encoding T1 on input line 43.
))
(/usr/share/texlive/texmf-dist/tex/latex/psnfss/mathpazo.sty
Package: mathpazo 2005/04/12 PSNFSS-v9.2a Palatino w/ Pazo Math (D.Puga, WaS) 
\symupright=\mathgroup4
)
(/usr/share/texlive/texmf-dist/tex/latex/graphics/graphicx.sty
Package: graphicx 2014/04/25 v1.0g Enhanced LaTeX Graphics (DPC,SPQR)

(/usr/share/texlive/texmf-dist/tex/latex/graphics/keyval.sty
Package: keyval 2014/05/08 v1.15 key=value parser (DPC)
\KV@toks@=\toks14
)
(/usr/share/texlive/texmf-dist/tex/latex/graphics/graphics.sty
Package: graphics 2009/02/05 v1.0o Standard LaTeX Graphics (DPC,SPQR)

(/usr/share/texlive/texmf-dist/tex/latex/graphics/trig.sty
Package: trig 1999/03/16 v1.09 sin cos tan (DPC)
)
(/usr/share/texlive/texmf-dist/tex/latex/latexconfig/graphics.cfg
File: graphics.cfg 2010/04/23 v1.9 graphics configuration of TeX Live
)
Package graphics Info: Driver file: pdftex.def on input line 91.

(/usr/share/texlive/texmf-dist/tex/latex/pdftex-def/pdftex.def
File: pdftex.def 2011/05/27 v0.06d Graphics/color for pdfTeX

(/usr/share/texlive/texmf-dist/tex/generic/oberdiek/infwarerr.sty
Package: infwarerr 2010/04/08 v1.3 Providing info/warning/error messages (HO)
)
(/usr/share/texlive/texmf-dist/tex/generic/oberdiek/ltxcmds.sty
Package: ltxcmds 2011/11/09 v1.22 LaTeX kernel commands for general use (HO)
)
\Gread@gobject=\count87
))
\Gin@req@height=\dimen103
\Gin@req@width=\dimen104
)
(/usr/share/texlive/texmf-dist/tex/latex/caption/caption.sty
Package: caption 2013/05/02 v3.3-89 Customizing captions (AR)

(/usr/share/texlive/texmf-dist/tex/latex/caption/caption3.sty
Package: caption3 2013/05/02 v1.6-88 caption3 kernel (AR)
Package caption3 Info: TeX engine: e-TeX on input line 57.
\captionmargin=\dimen105
\captionmargin@=\dimen106
\captionwidth=\dimen107
\caption@tempdima=\dimen108
\caption@indent=\dimen109
\caption@parindent=\dimen110
\caption@hangindent=\dimen111
)
\c@ContinuedFloat=\count88
)
(/usr/share/texlive/texmf-dist/tex/latex/adjustbox/adjustbox.sty
Package: adjustbox 2012/05/21 v1.0 Adjusting TeX boxes (trim, clip, ...)

(/usr/share/texlive/texmf-dist/tex/latex/xkeyval/xkeyval.sty
Package: xkeyval 2014/05/25 v2.7 package option processing (HA)

(/usr/share/texlive/texmf-dist/tex/generic/xkeyval/xkeyval.tex
(/usr/share/texlive/texmf-dist/tex/generic/xkeyval/xkvutils.tex
\XKV@toks=\toks15
\XKV@tempa@toks=\toks16
)
\XKV@depth=\count89
File: xkeyval.tex 2014/05/25 v2.7 key=value parser (HA)
))
(/usr/share/texlive/texmf-dist/tex/latex/adjustbox/adjcalc.sty
Package: adjcalc 2012/05/16 v1.1 Provides advanced setlength with multiple back
-ends (calc, etex, pgfmath)
)
(/usr/share/texlive/texmf-dist/tex/latex/adjustbox/trimclip.sty
Package: trimclip 2012/05/16 v1.0 Trim and clip general TeX material

(/usr/share/texlive/texmf-dist/tex/latex/collectbox/collectbox.sty
Package: collectbox 2012/05/17 v0.4b Collect macro arguments as boxes
\collectedbox=\box26
)
\tc@llx=\dimen112
\tc@lly=\dimen113
\tc@urx=\dimen114
\tc@ury=\dimen115
Package trimclip Info: Using driver 'tc-pdftex.def'.

(/usr/share/texlive/texmf-dist/tex/latex/adjustbox/tc-pdftex.def
File: tc-pdftex.def 2012/05/13 v1.0 Clipping driver for pdftex
))
\adjbox@Width=\dimen116
\adjbox@Height=\dimen117
\adjbox@Depth=\dimen118
\adjbox@Totalheight=\dimen119

(/usr/share/texlive/texmf-dist/tex/latex/ifoddpage/ifoddpage.sty
Package: ifoddpage 2011/09/13 v1.0 Conditionals for odd/even page detection
\c@checkoddpage=\count90
)
(/usr/share/texlive/texmf-dist/tex/latex/varwidth/varwidth.sty
Package: varwidth 2009/03/30 ver 0.92;  Variable-width minipages
\@vwid@box=\box27
\sift@deathcycles=\count91
\@vwid@loff=\dimen120
\@vwid@roff=\dimen121
))
(/usr/share/texlive/texmf-dist/tex/latex/xcolor/xcolor.sty
Package: xcolor 2007/01/21 v2.11 LaTeX color extensions (UK)

(/usr/share/texlive/texmf-dist/tex/latex/latexconfig/color.cfg
File: color.cfg 2007/01/18 v1.5 color configuration of teTeX/TeXLive
)
Package xcolor Info: Driver file: pdftex.def on input line 225.
Package xcolor Info: Model `cmy' substituted by `cmy0' on input line 1337.
Package xcolor Info: Model `hsb' substituted by `rgb' on input line 1341.
Package xcolor Info: Model `RGB' extended on input line 1353.
Package xcolor Info: Model `HTML' substituted by `rgb' on input line 1355.
Package xcolor Info: Model `Hsb' substituted by `hsb' on input line 1356.
Package xcolor Info: Model `tHsb' substituted by `hsb' on input line 1357.
Package xcolor Info: Model `HSB' substituted by `hsb' on input line 1358.
Package xcolor Info: Model `Gray' substituted by `gray' on input line 1359.
Package xcolor Info: Model `wave' substituted by `hsb' on input line 1360.
)
(/usr/share/texlive/texmf-dist/tex/latex/tools/enumerate.sty
Package: enumerate 2014/10/28 v3.00 enumerate extensions (DPC)
\@enLab=\toks17
)
(/usr/share/texlive/texmf-dist/tex/latex/geometry/geometry.sty
Package: geometry 2010/09/12 v5.6 Page Geometry

(/usr/share/texlive/texmf-dist/tex/generic/oberdiek/ifpdf.sty
Package: ifpdf 2011/01/30 v2.3 Provides the ifpdf switch (HO)
Package ifpdf Info: pdfTeX in PDF mode is detected.
)
(/usr/share/texlive/texmf-dist/tex/generic/oberdiek/ifvtex.sty
Package: ifvtex 2010/03/01 v1.5 Detect VTeX and its facilities (HO)
Package ifvtex Info: VTeX not detected.
)
(/usr/share/texlive/texmf-dist/tex/generic/ifxetex/ifxetex.sty
Package: ifxetex 2010/09/12 v0.6 Provides ifxetex conditional
)
\Gm@cnth=\count92
\Gm@cntv=\count93
\c@Gm@tempcnt=\count94
\Gm@bindingoffset=\dimen122
\Gm@wd@mp=\dimen123
\Gm@odd@mp=\dimen124
\Gm@even@mp=\dimen125
\Gm@layoutwidth=\dimen126
\Gm@layoutheight=\dimen127
\Gm@layouthoffset=\dimen128
\Gm@layoutvoffset=\dimen129
\Gm@dimlist=\toks18
)
(/usr/share/texlive/texmf-dist/tex/latex/amsmath/amsmath.sty
Package: amsmath 2013/01/14 v2.14 AMS math features
\@mathmargin=\skip43

For additional information on amsmath, use the `?' option.
(/usr/share/texlive/texmf-dist/tex/latex/amsmath/amstext.sty
Package: amstext 2000/06/29 v2.01

(/usr/share/texlive/texmf-dist/tex/latex/amsmath/amsgen.sty
File: amsgen.sty 1999/11/30 v2.0
\@emptytoks=\toks19
\ex@=\dimen130
))
(/usr/share/texlive/texmf-dist/tex/latex/amsmath/amsbsy.sty
Package: amsbsy 1999/11/29 v1.2d
\pmbraise@=\dimen131
)
(/usr/share/texlive/texmf-dist/tex/latex/amsmath/amsopn.sty
Package: amsopn 1999/12/14 v2.01 operator names
)
\inf@bad=\count95
LaTeX Info: Redefining \frac on input line 210.
\uproot@=\count96
\leftroot@=\count97
LaTeX Info: Redefining \overline on input line 306.
\classnum@=\count98
\DOTSCASE@=\count99
LaTeX Info: Redefining \ldots on input line 378.
LaTeX Info: Redefining \dots on input line 381.
LaTeX Info: Redefining \cdots on input line 466.
\Mathstrutbox@=\box28
\strutbox@=\box29
\big@size=\dimen132
LaTeX Font Info:    Redeclaring font encoding OML on input line 566.
LaTeX Font Info:    Redeclaring font encoding OMS on input line 567.
\macc@depth=\count100
\c@MaxMatrixCols=\count101
\dotsspace@=\muskip10
\c@parentequation=\count102
\dspbrk@lvl=\count103
\tag@help=\toks20
\row@=\count104
\column@=\count105
\maxfields@=\count106
\andhelp@=\toks21
\eqnshift@=\dimen133
\alignsep@=\dimen134
\tagshift@=\dimen135
\tagwidth@=\dimen136
\totwidth@=\dimen137
\lineht@=\dimen138
\@envbody=\toks22
\multlinegap=\skip44
\multlinetaggap=\skip45
\mathdisplay@stack=\toks23
LaTeX Info: Redefining \[ on input line 2665.
LaTeX Info: Redefining \] on input line 2666.
)
(/usr/share/texlive/texmf-dist/tex/latex/amsfonts/amssymb.sty
Package: amssymb 2013/01/14 v3.01 AMS font symbols

(/usr/share/texlive/texmf-dist/tex/latex/amsfonts/amsfonts.sty
Package: amsfonts 2013/01/14 v3.01 Basic AMSFonts support
\symAMSa=\mathgroup5
\symAMSb=\mathgroup6
LaTeX Font Info:    Overwriting math alphabet `\mathfrak' in version `bold'
(Font)                  U/euf/m/n --> U/euf/b/n on input line 106.
))
(/usr/share/texlive/texmf-dist/tex/latex/base/textcomp.sty
Package: textcomp 2005/09/27 v1.99g Standard LaTeX package
Package textcomp Info: Sub-encoding information:
(textcomp)               5 = only ISO-Adobe without \textcurrency
(textcomp)               4 = 5 + \texteuro
(textcomp)               3 = 4 + \textohm
(textcomp)               2 = 3 + \textestimated + \textcurrency
(textcomp)               1 = TS1 - \textcircled - \t
(textcomp)               0 = TS1 (full)
(textcomp)             Font families with sub-encoding setting implement
(textcomp)             only a restricted character set as indicated.
(textcomp)             Family '?' is the default used for unknown fonts.
(textcomp)             See the documentation for details.
Package textcomp Info: Setting ? sub-encoding to TS1/1 on input line 71.

(/usr/share/texlive/texmf-dist/tex/latex/base/ts1enc.def
File: ts1enc.def 2001/06/05 v3.0e (jk/car/fm) Standard LaTeX file
)
LaTeX Info: Redefining \oldstylenums on input line 266.
Package textcomp Info: Setting cmr sub-encoding to TS1/0 on input line 281.
Package textcomp Info: Setting cmss sub-encoding to TS1/0 on input line 282.
Package textcomp Info: Setting cmtt sub-encoding to TS1/0 on input line 283.
Package textcomp Info: Setting cmvtt sub-encoding to TS1/0 on input line 284.
Package textcomp Info: Setting cmbr sub-encoding to TS1/0 on input line 285.
Package textcomp Info: Setting cmtl sub-encoding to TS1/0 on input line 286.
Package textcomp Info: Setting ccr sub-encoding to TS1/0 on input line 287.
Package textcomp Info: Setting ptm sub-encoding to TS1/4 on input line 288.
Package textcomp Info: Setting pcr sub-encoding to TS1/4 on input line 289.
Package textcomp Info: Setting phv sub-encoding to TS1/4 on input line 290.
Package textcomp Info: Setting ppl sub-encoding to TS1/3 on input line 291.
Package textcomp Info: Setting pag sub-encoding to TS1/4 on input line 292.
Package textcomp Info: Setting pbk sub-encoding to TS1/4 on input line 293.
Package textcomp Info: Setting pnc sub-encoding to TS1/4 on input line 294.
Package textcomp Info: Setting pzc sub-encoding to TS1/4 on input line 295.
Package textcomp Info: Setting bch sub-encoding to TS1/4 on input line 296.
Package textcomp Info: Setting put sub-encoding to TS1/5 on input line 297.
Package textcomp Info: Setting uag sub-encoding to TS1/5 on input line 298.
Package textcomp Info: Setting ugq sub-encoding to TS1/5 on input line 299.
Package textcomp Info: Setting ul8 sub-encoding to TS1/4 on input line 300.
Package textcomp Info: Setting ul9 sub-encoding to TS1/4 on input line 301.
Package textcomp Info: Setting augie sub-encoding to TS1/5 on input line 302.
Package textcomp Info: Setting dayrom sub-encoding to TS1/3 on input line 303.
Package textcomp Info: Setting dayroms sub-encoding to TS1/3 on input line 304.

Package textcomp Info: Setting pxr sub-encoding to TS1/0 on input line 305.
Package textcomp Info: Setting pxss sub-encoding to TS1/0 on input line 306.
Package textcomp Info: Setting pxtt sub-encoding to TS1/0 on input line 307.
Package textcomp Info: Setting txr sub-encoding to TS1/0 on input line 308.
Package textcomp Info: Setting txss sub-encoding to TS1/0 on input line 309.
Package textcomp Info: Setting txtt sub-encoding to TS1/0 on input line 310.
Package textcomp Info: Setting lmr sub-encoding to TS1/0 on input line 311.
Package textcomp Info: Setting lmdh sub-encoding to TS1/0 on input line 312.
Package textcomp Info: Setting lmss sub-encoding to TS1/0 on input line 313.
Package textcomp Info: Setting lmssq sub-encoding to TS1/0 on input line 314.
Package textcomp Info: Setting lmvtt sub-encoding to TS1/0 on input line 315.
Package textcomp Info: Setting qhv sub-encoding to TS1/0 on input line 316.
Package textcomp Info: Setting qag sub-encoding to TS1/0 on input line 317.
Package textcomp Info: Setting qbk sub-encoding to TS1/0 on input line 318.
Package textcomp Info: Setting qcr sub-encoding to TS1/0 on input line 319.
Package textcomp Info: Setting qcs sub-encoding to TS1/0 on input line 320.
Package textcomp Info: Setting qpl sub-encoding to TS1/0 on input line 321.
Package textcomp Info: Setting qtm sub-encoding to TS1/0 on input line 322.
Package textcomp Info: Setting qzc sub-encoding to TS1/0 on input line 323.
Package textcomp Info: Setting qhvc sub-encoding to TS1/0 on input line 324.
Package textcomp Info: Setting futs sub-encoding to TS1/4 on input line 325.
Package textcomp Info: Setting futx sub-encoding to TS1/4 on input line 326.
Package textcomp Info: Setting futj sub-encoding to TS1/4 on input line 327.
Package textcomp Info: Setting hlh sub-encoding to TS1/3 on input line 328.
Package textcomp Info: Setting hls sub-encoding to TS1/3 on input line 329.
Package textcomp Info: Setting hlst sub-encoding to TS1/3 on input line 330.
Package textcomp Info: Setting hlct sub-encoding to TS1/5 on input line 331.
Package textcomp Info: Setting hlx sub-encoding to TS1/5 on input line 332.
Package textcomp Info: Setting hlce sub-encoding to TS1/5 on input line 333.
Package textcomp Info: Setting hlcn sub-encoding to TS1/5 on input line 334.
Package textcomp Info: Setting hlcw sub-encoding to TS1/5 on input line 335.
Package textcomp Info: Setting hlcf sub-encoding to TS1/5 on input line 336.
Package textcomp Info: Setting pplx sub-encoding to TS1/3 on input line 337.
Package textcomp Info: Setting pplj sub-encoding to TS1/3 on input line 338.
Package textcomp Info: Setting ptmx sub-encoding to TS1/4 on input line 339.
Package textcomp Info: Setting ptmj sub-encoding to TS1/4 on input line 340.
)
(/usr/share/texlive/texmf-dist/tex/latex/upquote/upquote.sty
Package: upquote 2012/04/19 v1.3 upright-quote and grave-accent glyphs in verba
tim
)
(/usr/share/texlive/texmf-dist/tex/latex/eurosym/eurosym.sty
Package: eurosym 1998/08/06 v1.1 European currency symbol ``Euro''
\@eurobox=\box30
)
(/usr/share/texlive/texmf-dist/tex/latex/ucs/ucs.sty
Package: ucs 2013/05/11 v2.2 UCS: Unicode input support

(/usr/share/texlive/texmf-dist/tex/latex/ucs/data/uni-global.def
File: uni-global.def 2013/05/13 UCS: Unicode global data
)
\uc@secondtry=\count107
\uc@combtoks=\toks24
\uc@combtoksb=\toks25
\uc@temptokena=\toks26
)
(/usr/share/texlive/texmf-dist/tex/latex/base/inputenc.sty
Package: inputenc 2014/04/30 v1.2b Input encoding file
\inpenc@prehook=\toks27
\inpenc@posthook=\toks28

(/usr/share/texlive/texmf-dist/tex/latex/ucs/utf8x.def
File: utf8x.def 2004/10/17 UCS: Input encoding UTF-8
))
(/usr/share/texlive/texmf-dist/tex/latex/fancyvrb/fancyvrb.sty
Package: fancyvrb 2008/02/07

Style option: `fancyvrb' v2.7a, with DG/SPQR fixes, and firstline=lastline fix 
<2008/02/07> (tvz)
\FV@CodeLineNo=\count108
\FV@InFile=\read1
\FV@TabBox=\box31
\c@FancyVerbLine=\count109
\FV@StepNumber=\count110
\FV@OutFile=\write3
)
(/usr/share/texlive/texmf-dist/tex/latex/oberdiek/grffile.sty
Package: grffile 2012/04/05 v1.16 Extended file name support for graphics (HO)

(/usr/share/texlive/texmf-dist/tex/latex/oberdiek/kvoptions.sty
Package: kvoptions 2011/06/30 v3.11 Key value format for package options (HO)

(/usr/share/texlive/texmf-dist/tex/generic/oberdiek/kvsetkeys.sty
Package: kvsetkeys 2012/04/25 v1.16 Key value parser (HO)

(/usr/share/texlive/texmf-dist/tex/generic/oberdiek/etexcmds.sty
Package: etexcmds 2011/02/16 v1.5 Avoid name clashes with e-TeX commands (HO)

(/usr/share/texlive/texmf-dist/tex/generic/oberdiek/ifluatex.sty
Package: ifluatex 2010/03/01 v1.3 Provides the ifluatex switch (HO)
Package ifluatex Info: LuaTeX not detected.
)
Package etexcmds Info: Could not find \expanded.
(etexcmds)             That can mean that you are not using pdfTeX 1.50 or
(etexcmds)             that some package has redefined \expanded.
(etexcmds)             In the latter case, load this package earlier.
)))
(/usr/share/texlive/texmf-dist/tex/generic/oberdiek/pdftexcmds.sty
Package: pdftexcmds 2011/11/29 v0.20 Utility functions of pdfTeX for LuaTeX (HO
)
Package pdftexcmds Info: LuaTeX not detected.
Package pdftexcmds Info: \pdf@primitive is available.
Package pdftexcmds Info: \pdf@ifprimitive is available.
Package pdftexcmds Info: \pdfdraftmode found.
)
Package grffile Info: Option `multidot' is set to `true'.
Package grffile Info: Option `extendedchars' is set to `false'.
Package grffile Info: Option `space' is set to `true'.
Package grffile Info: \Gin@ii of package `graphicx' fixed on input line 486.
)
(/usr/share/texlive/texmf-dist/tex/latex/hyperref/hyperref.sty
Package: hyperref 2012/11/06 v6.83m Hypertext links for LaTeX

(/usr/share/texlive/texmf-dist/tex/generic/oberdiek/hobsub-hyperref.sty
Package: hobsub-hyperref 2012/05/28 v1.13 Bundle oberdiek, subset hyperref (HO)


(/usr/share/texlive/texmf-dist/tex/generic/oberdiek/hobsub-generic.sty
Package: hobsub-generic 2012/05/28 v1.13 Bundle oberdiek, subset generic (HO)
Package: hobsub 2012/05/28 v1.13 Construct package bundles (HO)
Package hobsub Info: Skipping package `infwarerr' (already loaded).
Package hobsub Info: Skipping package `ltxcmds' (already loaded).
Package hobsub Info: Skipping package `ifluatex' (already loaded).
Package hobsub Info: Skipping package `ifvtex' (already loaded).
Package: intcalc 2007/09/27 v1.1 Expandable calculations with integers (HO)
Package hobsub Info: Skipping package `ifpdf' (already loaded).
Package hobsub Info: Skipping package `etexcmds' (already loaded).
Package hobsub Info: Skipping package `kvsetkeys' (already loaded).
Package: kvdefinekeys 2011/04/07 v1.3 Define keys (HO)
Package hobsub Info: Skipping package `pdftexcmds' (already loaded).
Package: pdfescape 2011/11/25 v1.13 Implements pdfTeX's escape features (HO)
Package: bigintcalc 2012/04/08 v1.3 Expandable calculations on big integers (HO
)
Package: bitset 2011/01/30 v1.1 Handle bit-vector datatype (HO)
Package: uniquecounter 2011/01/30 v1.2 Provide unlimited unique counter (HO)
)
Package hobsub Info: Skipping package `hobsub' (already loaded).
Package: letltxmacro 2010/09/02 v1.4 Let assignment for LaTeX macros (HO)
Package: hopatch 2012/05/28 v1.2 Wrapper for package hooks (HO)
Package: xcolor-patch 2011/01/30 xcolor patch
Package: atveryend 2011/06/30 v1.8 Hooks at the very end of document (HO)
Package atveryend Info: \enddocument detected (standard20110627).
Package: atbegshi 2011/10/05 v1.16 At begin shipout hook (HO)
Package: refcount 2011/10/16 v3.4 Data extraction from label references (HO)
Package: hycolor 2011/01/30 v1.7 Color options for hyperref/bookmark (HO)
)
(/usr/share/texlive/texmf-dist/tex/latex/oberdiek/auxhook.sty
Package: auxhook 2011/03/04 v1.3 Hooks for auxiliary files (HO)
)
\@linkdim=\dimen139
\Hy@linkcounter=\count111
\Hy@pagecounter=\count112

(/usr/share/texlive/texmf-dist/tex/latex/hyperref/pd1enc.def
File: pd1enc.def 2012/11/06 v6.83m Hyperref: PDFDocEncoding definition (HO)
)
\Hy@SavedSpaceFactor=\count113

(/usr/share/texlive/texmf-dist/tex/latex/latexconfig/hyperref.cfg
File: hyperref.cfg 2002/06/06 v1.2 hyperref configuration of TeXLive
)
Package hyperref Info: Hyper figures OFF on input line 4443.
Package hyperref Info: Link nesting OFF on input line 4448.
Package hyperref Info: Hyper index ON on input line 4451.
Package hyperref Info: Plain pages OFF on input line 4458.
Package hyperref Info: Backreferencing OFF on input line 4463.
Package hyperref Info: Implicit mode ON; LaTeX internals redefined.
Package hyperref Info: Bookmarks ON on input line 4688.
\c@Hy@tempcnt=\count114

(/usr/share/texlive/texmf-dist/tex/latex/url/url.sty
\Urlmuskip=\muskip11
Package: url 2013/09/16  ver 3.4  Verb mode for urls, etc.
)
LaTeX Info: Redefining \url on input line 5041.
\XeTeXLinkMargin=\dimen140
\Fld@menulength=\count115
\Field@Width=\dimen141
\Fld@charsize=\dimen142
Package hyperref Info: Hyper figures OFF on input line 6295.
Package hyperref Info: Link nesting OFF on input line 6300.
Package hyperref Info: Hyper index ON on input line 6303.
Package hyperref Info: backreferencing OFF on input line 6310.
Package hyperref Info: Link coloring OFF on input line 6315.
Package hyperref Info: Link coloring with OCG OFF on input line 6320.
Package hyperref Info: PDF/A mode OFF on input line 6325.
LaTeX Info: Redefining \ref on input line 6365.
LaTeX Info: Redefining \pageref on input line 6369.
\Hy@abspage=\count116
\c@Item=\count117
\c@Hfootnote=\count118
)

Package hyperref Message: Driver (autodetected): hpdftex.

(/usr/share/texlive/texmf-dist/tex/latex/hyperref/hpdftex.def
File: hpdftex.def 2012/11/06 v6.83m Hyperref driver for pdfTeX
\Fld@listcount=\count119
\c@bookmark@seq@number=\count120

(/usr/share/texlive/texmf-dist/tex/latex/oberdiek/rerunfilecheck.sty
Package: rerunfilecheck 2011/04/15 v1.7 Rerun checks for auxiliary files (HO)
Package uniquecounter Info: New unique counter `rerunfilecheck' on input line 2
82.
)
\Hy@SectionHShift=\skip46
)
(/usr/share/texlive/texmf-dist/tex/latex/tools/longtable.sty
Package: longtable 2014/10/28 v4.11 Multi-page Table package (DPC)
\LTleft=\skip47
\LTright=\skip48
\LTpre=\skip49
\LTpost=\skip50
\LTchunksize=\count121
\LTcapwidth=\dimen143
\LT@head=\box32
\LT@firsthead=\box33
\LT@foot=\box34
\LT@lastfoot=\box35
\LT@cols=\count122
\LT@rows=\count123
\c@LT@tables=\count124
\c@LT@chunks=\count125
\LT@p@ftn=\toks29
)
(/usr/share/texlive/texmf-dist/tex/latex/booktabs/booktabs.sty
Package: booktabs 2005/04/14 v1.61803 publication quality tables
\heavyrulewidth=\dimen144
\lightrulewidth=\dimen145
\cmidrulewidth=\dimen146
\belowrulesep=\dimen147
\belowbottomsep=\dimen148
\aboverulesep=\dimen149
\abovetopsep=\dimen150
\cmidrulesep=\dimen151
\cmidrulekern=\dimen152
\defaultaddspace=\dimen153
\@cmidla=\count126
\@cmidlb=\count127
\@aboverulesep=\dimen154
\@belowrulesep=\dimen155
\@thisruleclass=\count128
\@lastruleclass=\count129
\@thisrulewidth=\dimen156
)
(/usr/share/texlive/texmf-dist/tex/latex/enumitem/enumitem.sty
Package: enumitem 2011/09/28 v3.5.2 Customized lists
\labelindent=\skip51
\enit@outerparindent=\dimen157
\enit@toks=\toks30
\enit@inbox=\box36
\enitdp@description=\count130
)
(/usr/share/texlive/texmf-dist/tex/generic/ulem/ulem.sty
\UL@box=\box37
\UL@hyphenbox=\box38
\UL@skip=\skip52
\UL@hook=\toks31
\UL@height=\dimen158
\UL@pe=\count131
\UL@pixel=\dimen159
\ULC@box=\box39
Package: ulem 2012/05/18
\ULdepth=\dimen160
)
(/usr/share/texlive/texmf-dist/tex/latex/base/fontenc.sty
Package: fontenc 2005/09/27 v1.99g Standard LaTeX package

(/usr/share/texlive/texmf-dist/tex/latex/base/t1enc.def
File: t1enc.def 2005/09/27 v1.99g Standard LaTeX file
LaTeX Font Info:    Redeclaring font encoding T1 on input line 43.
)
(/usr/share/texlive/texmf-dist/tex/latex/cyrillic/t2aenc.def
File: t2aenc.def 2005/09/27 v1.0i Cyrillic encoding definition file
)
LaTeX Font Info:    Try loading font information for T2A+cmr on input line 100.


(/usr/share/texlive/texmf-dist/tex/latex/cyrillic/t2acmr.fd
File: t2acmr.fd 2001/08/11 v1.0a Computer Modern Cyrillic font definitions
))
(/usr/share/texlive/texmf-dist/tex/generic/babel/babel.sty
Package: babel 2014/09/25 3.9l The Babel package

(/usr/share/texlive/texmf-dist/tex/generic/babel-english/english.ldf
Language: english 2012/08/20 v3.3p English support from the babel system

(/usr/share/texlive/texmf-dist/tex/generic/babel/babel.def
File: babel.def 2014/09/25 3.9l Babel common definitions
\babel@savecnt=\count132
\U@D=\dimen161
)
\l@british = a dialect from \language\l@english 
\l@UKenglish = a dialect from \language\l@english 
\l@canadian = a dialect from \language\l@american 
\l@australian = a dialect from \language\l@british 
\l@newzealand = a dialect from \language\l@british 
)
(/usr/share/texlive/texmf-dist/tex/generic/babel-russian/russianb.ldf
Language: russianb 2014/10/21 1.3f Russian support for the Babel system
Package babel Info: Making " an active character on input line 111.
))
(/usr/share/texlive/texmf-dist/tex/latex/mathtools/mathtools.sty
Package: mathtools 2014/07/16 v1.15 mathematical typesetting tools

(/usr/share/texlive/texmf-dist/tex/latex/tools/calc.sty
Package: calc 2014/10/28 v4.3 Infix arithmetic (KKT,FJ)
\calc@Acount=\count133
\calc@Bcount=\count134
\calc@Adimen=\dimen162
\calc@Bdimen=\dimen163
\calc@Askip=\skip53
\calc@Bskip=\skip54
LaTeX Info: Redefining \setlength on input line 75.
LaTeX Info: Redefining \addtolength on input line 76.
\calc@Ccount=\count135
\calc@Cskip=\skip55
)
(/usr/share/texlive/texmf-dist/tex/latex/mathtools/mhsetup.sty
Package: mhsetup 2010/01/21 v1.2a programming setup (MH)
)
LaTeX Info: Thecontrolsequence`\['isalreadyrobust on input line 129.
LaTeX Info: Thecontrolsequence`\]'isalreadyrobust on input line 129.
\g_MT_multlinerow_int=\count136
\l_MT_multwidth_dim=\dimen164
\origjot=\skip56
\l_MT_shortvdotswithinadjustabove_dim=\dimen165
\l_MT_shortvdotswithinadjustbelow_dim=\dimen166
\l_MT_above_intertext_sep=\dimen167
\l_MT_below_intertext_sep=\dimen168
\l_MT_above_shortintertext_sep=\dimen169
\l_MT_below_shortintertext_sep=\dimen170
)
Package hyperref Info: Option `breaklinks' set `true' on input line 274.
Package hyperref Info: Option `colorlinks' set `true' on input line 274.

(./Regions-Clustering-Seaborn-New-With-Code.aux)
\openout1 = `Regions-Clustering-Seaborn-New-With-Code.aux'.

LaTeX Font Info:    Checking defaults for OML/cmm/m/it on input line 281.
LaTeX Font Info:    ... okay on input line 281.
LaTeX Font Info:    Checking defaults for T1/cmr/m/n on input line 281.
LaTeX Font Info:    ... okay on input line 281.
LaTeX Font Info:    Checking defaults for OT1/cmr/m/n on input line 281.
LaTeX Font Info:    ... okay on input line 281.
LaTeX Font Info:    Checking defaults for OMS/cmsy/m/n on input line 281.
LaTeX Font Info:    ... okay on input line 281.
LaTeX Font Info:    Checking defaults for OMX/cmex/m/n on input line 281.
LaTeX Font Info:    ... okay on input line 281.
LaTeX Font Info:    Checking defaults for U/cmr/m/n on input line 281.
LaTeX Font Info:    ... okay on input line 281.
LaTeX Font Info:    Checking defaults for TS1/cmr/m/n on input line 281.
LaTeX Font Info:    Try loading font information for TS1+cmr on input line 281.


(/usr/share/texlive/texmf-dist/tex/latex/base/ts1cmr.fd
File: ts1cmr.fd 2014/09/29 v2.5h Standard LaTeX font definitions
)
LaTeX Font Info:    ... okay on input line 281.
LaTeX Font Info:    Checking defaults for PD1/pdf/m/n on input line 281.
LaTeX Font Info:    ... okay on input line 281.
LaTeX Font Info:    Checking defaults for T2A/cmr/m/n on input line 281.
LaTeX Font Info:    ... okay on input line 281.
LaTeX Font Info:    Try loading font information for T2A+ppl on input line 281.

LaTeX Font Info:    No file T2Appl.fd. on input line 281.


LaTeX Font Warning: Font shape `T2A/ppl/m/n' undefined
(Font)              using `T2A/cmr/m/n' instead on input line 281.

(/usr/share/texlive/texmf-dist/tex/context/base/supp-pdf.mkii
[Loading MPS to PDF converter (version 2006.09.02).]
\scratchcounter=\count137
\scratchdimen=\dimen171
\scratchbox=\box40
\nofMPsegments=\count138
\nofMParguments=\count139
\everyMPshowfont=\toks32
\MPscratchCnt=\count140
\MPscratchDim=\dimen172
\MPnumerator=\count141
\makeMPintoPDFobject=\count142
\everyMPtoPDFconversion=\toks33
) (/usr/share/texlive/texmf-dist/tex/latex/oberdiek/epstopdf-base.sty
Package: epstopdf-base 2010/02/09 v2.5 Base part for package epstopdf

(/usr/share/texlive/texmf-dist/tex/latex/oberdiek/grfext.sty
Package: grfext 2010/08/19 v1.1 Manage graphics extensions (HO)
)
Package grfext Info: Graphics extension search list:
(grfext)             [.png,.pdf,.jpg,.mps,.jpeg,.jbig2,.jb2,.PNG,.PDF,.JPG,.JPE
G,.JBIG2,.JB2,.eps]
(grfext)             \AppendGraphicsExtensions on input line 452.

(/usr/share/texlive/texmf-dist/tex/latex/latexconfig/epstopdf-sys.cfg
File: epstopdf-sys.cfg 2010/07/13 v1.3 Configuration of (r)epstopdf for TeX Liv
e
))
Package caption Info: Begin \AtBeginDocument code.
Package caption Info: hyperref package is loaded.
Package caption Info: longtable package is loaded.

(/usr/share/texlive/texmf-dist/tex/latex/caption/ltcaption.sty
Package: ltcaption 2013/02/03 v1.3-62 longtable captions (AR)
)
Package caption Info: End \AtBeginDocument code.

*geometry* driver: auto-detecting
*geometry* detected driver: pdftex
*geometry* verbose mode - [ preamble ] result:
* driver: pdftex
* paper: <default>
* layout: <same size as paper>
* layoutoffset:(h,v)=(0.0pt,0.0pt)
* modes: 
* h-part:(L,W,R)=(72.26999pt, 469.75502pt, 72.26999pt)
* v-part:(T,H,B)=(72.26999pt, 650.43001pt, 72.26999pt)
* \paperwidth=614.295pt
* \paperheight=794.96999pt
* \textwidth=469.75502pt
* \textheight=650.43001pt
* \oddsidemargin=0.0pt
* \evensidemargin=0.0pt
* \topmargin=-37.0pt
* \headheight=12.0pt
* \headsep=25.0pt
* \topskip=11.0pt
* \footskip=30.0pt
* \marginparwidth=59.0pt
* \marginparsep=10.0pt
* \columnsep=10.0pt
* \skip\footins=10.0pt plus 4.0pt minus 2.0pt
* \hoffset=0.0pt
* \voffset=0.0pt
* \mag=1000
* \@twocolumnfalse
* \@twosidefalse
* \@mparswitchfalse
* \@reversemarginfalse
* (1in=72.27pt=25.4mm, 1cm=28.453pt)

(/usr/share/texlive/texmf-dist/tex/latex/ucs/ucsencs.def
File: ucsencs.def 2011/01/21 Fixes to fontencodings LGR, T3
)
\AtBeginShipoutBox=\box41
Package hyperref Info: Link coloring ON on input line 281.

(/usr/share/texlive/texmf-dist/tex/latex/hyperref/nameref.sty
Package: nameref 2012/10/27 v2.43 Cross-referencing by name of section

(/usr/share/texlive/texmf-dist/tex/generic/oberdiek/gettitlestring.sty
Package: gettitlestring 2010/12/03 v1.4 Cleanup title references (HO)
)
\c@section@level=\count143
)
LaTeX Info: Redefining \ref on input line 281.
LaTeX Info: Redefining \pageref on input line 281.
LaTeX Info: Redefining \nameref on input line 281.

(./Regions-Clustering-Seaborn-New-With-Code.out)
(./Regions-Clustering-Seaborn-New-With-Code.out)
\@outlinefile=\write4
\openout4 = `Regions-Clustering-Seaborn-New-With-Code.out'.


(/usr/share/texlive/texmf-dist/tex/latex/ucs/data/uni-4.def
File: uni-4.def 2013/05/13 UCS: Unicode data U+0400..U+04FF
)
LaTeX Font Info:    Try loading font information for OT1+ppl on input line 285.


(/usr/share/texlive/texmf-dist/tex/latex/psnfss/ot1ppl.fd
File: ot1ppl.fd 2001/06/04 font definitions for OT1/ppl.
)
LaTeX Font Info:    Try loading font information for OML+zplm on input line 285
.

(/usr/share/texlive/texmf-dist/tex/latex/psnfss/omlzplm.fd
File: omlzplm.fd 2002/09/08 Fontinst v1.914 font definitions for OML/zplm.
)
LaTeX Font Info:    Try loading font information for OMS+zplm on input line 285
.

(/usr/share/texlive/texmf-dist/tex/latex/psnfss/omszplm.fd
File: omszplm.fd 2002/09/08 Fontinst v1.914 font definitions for OMS/zplm.
)
LaTeX Font Info:    Try loading font information for OMX+zplm on input line 285
.

(/usr/share/texlive/texmf-dist/tex/latex/psnfss/omxzplm.fd
File: omxzplm.fd 2002/09/08 Fontinst v1.914 font definitions for OMX/zplm.
)
LaTeX Font Info:    Try loading font information for OT1+zplm on input line 285
.

(/usr/share/texlive/texmf-dist/tex/latex/psnfss/ot1zplm.fd
File: ot1zplm.fd 2002/09/08 Fontinst v1.914 font definitions for OT1/zplm.
)
LaTeX Font Info:    Font shape `U/msa/m/n' will be
(Font)              scaled to size 12.50409pt on input line 285.
LaTeX Font Info:    Font shape `U/msa/m/n' will be
(Font)              scaled to size 9.37807pt on input line 285.
LaTeX Font Info:    Font shape `U/msa/m/n' will be
(Font)              scaled to size 7.29405pt on input line 285.
LaTeX Font Info:    Font shape `U/msb/m/n' will be
(Font)              scaled to size 12.50409pt on input line 285.
LaTeX Font Info:    Font shape `U/msb/m/n' will be
(Font)              scaled to size 9.37807pt on input line 285.
LaTeX Font Info:    Font shape `U/msb/m/n' will be
(Font)              scaled to size 7.29405pt on input line 285.


LaTeX Warning: No \author given.

[1

{/var/lib/texmf/fonts/map/pdftex/updmap/pdftex.map}]
LaTeX Font Info:    Try loading font information for T2A+cmtt on input line 297
.

(/usr/share/texlive/texmf-dist/tex/latex/cyrillic/t2acmtt.fd
File: t2acmtt.fd 2001/08/11 v1.0a Computer Modern Cyrillic font definitions
)
LaTeX Font Info:    Font shape `T2A/cmtt/bx/n' in size <10.95> not available
(Font)              Font shape `T2A/cmtt/m/n' tried instead on input line 298.
LaTeX Font Info:    Try loading font information for TS1+cmtt on input line 333
.

(/usr/share/texlive/texmf-dist/tex/latex/base/ts1cmtt.fd
File: ts1cmtt.fd 2014/09/29 v2.5h Standard LaTeX font definitions
) [2] [3] [4] [5]
[6] [7] [8]
Underfull \hbox (badness 7451) in paragraph at lines 721--723
[]\T2A/ppl/m/n/10.95 Приводим к еди-но-му мас-шта-бу, ис-поль-зуя ра-нее со-зда
н-ный эк-зем-пляр клас-са
 []


<Regions-Clustering-Seaborn-New_files/Regions-Clustering-Seaborn-New_48_0.png, 
id=50, 1383.1675pt x 362.35374pt>
File: Regions-Clustering-Seaborn-New_files/Regions-Clustering-Seaborn-New_48_0.
png Graphic file (type png)

<use Regions-Clustering-Seaborn-New_files/Regions-Clustering-Seaborn-New_48_0.p
ng>
Package pdftex.def Info: Regions-Clustering-Seaborn-New_files/Regions-Clusterin
g-Seaborn-New_48_0.png used on input line 754.
(pdftex.def)             Requested size: 1383.16412pt x 362.35286pt.

Underfull \hbox (badness 10000) in paragraph at lines 756--757

 []

LaTeX Font Info:    Font shape `U/msa/m/n' will be
(Font)              scaled to size 11.40997pt on input line 780.
LaTeX Font Info:    Font shape `U/msa/m/n' will be
(Font)              scaled to size 8.33606pt on input line 780.
LaTeX Font Info:    Font shape `U/msa/m/n' will be
(Font)              scaled to size 6.25204pt on input line 780.
LaTeX Font Info:    Font shape `U/msb/m/n' will be
(Font)              scaled to size 11.40997pt on input line 780.
LaTeX Font Info:    Font shape `U/msb/m/n' will be
(Font)              scaled to size 8.33606pt on input line 780.
LaTeX Font Info:    Font shape `U/msb/m/n' will be
(Font)              scaled to size 6.25204pt on input line 780.
[9 <./Regions-Clustering-Seaborn-New_files/Regions-Clustering-Seaborn-New_48_0.
png>]
<Regions-Clustering-Seaborn-New_files/Regions-Clustering-Seaborn-New_50_0.png, 
id=59, 1400.23125pt x 646.415pt>
File: Regions-Clustering-Seaborn-New_files/Regions-Clustering-Seaborn-New_50_0.
png Graphic file (type png)

<use Regions-Clustering-Seaborn-New_files/Regions-Clustering-Seaborn-New_50_0.p
ng>
Package pdftex.def Info: Regions-Clustering-Seaborn-New_files/Regions-Clusterin
g-Seaborn-New_50_0.png used on input line 819.
(pdftex.def)             Requested size: 1400.22784pt x 646.41342pt.
 [10]
Underfull \hbox (badness 10000) in paragraph at lines 821--822

 []


<Regions-Clustering-Seaborn-New_files/Regions-Clustering-Seaborn-New_52_0.png, 
id=70, 608.2725pt x 581.17125pt>
File: Regions-Clustering-Seaborn-New_files/Regions-Clustering-Seaborn-New_52_0.
png Graphic file (type png)

<use Regions-Clustering-Seaborn-New_files/Regions-Clustering-Seaborn-New_52_0.p
ng>
Package pdftex.def Info: Regions-Clustering-Seaborn-New_files/Regions-Clusterin
g-Seaborn-New_52_0.png used on input line 839.
(pdftex.def)             Requested size: 608.27103pt x 581.16983pt.
 [11 <./Regions-Clustering-Seaborn-New_files/Regions-Clustering-Seaborn-New_50_
0.png>]
Underfull \hbox (badness 10000) in paragraph at lines 841--842

 []

[12 <./Regions-Clustering-Seaborn-New_files/Regions-Clustering-Seaborn-New_52_0
.png>]

! LaTeX Error: There's no line here to end.

See the LaTeX manual or LaTeX Companion for explanation.
Type  H <return>  for immediate help.
 ...                                              
                                                  
l.884     \\ Р
              ¤РѕСЂРјСѓР»РёСЂСѓРµРј Р±РѕР»РµРµ СЃС‚СЂРѕРіРѕ. Р’РІРѕРґРёРј РЅ...

? 

<Regions-Clustering-Seaborn-New_files/Regions-Clustering-Seaborn-New_55_0.png, 
id=83, 712.6625pt x 470.75874pt>
File: Regions-Clustering-Seaborn-New_files/Regions-Clustering-Seaborn-New_55_0.
png Graphic file (type png)

<use Regions-Clustering-Seaborn-New_files/Regions-Clustering-Seaborn-New_55_0.p
ng>
Package pdftex.def Info: Regions-Clustering-Seaborn-New_files/Regions-Clusterin
g-Seaborn-New_55_0.png used on input line 908.
(pdftex.def)             Requested size: 712.66077pt x 470.7576pt.
 [13]
Underfull \hbox (badness 10000) in paragraph at lines 910--911

 []


<Regions-Clustering-Seaborn-New_files/Regions-Clustering-Seaborn-New_57_0.png, 
id=94, 1383.1675pt x 689.57625pt>
File: Regions-Clustering-Seaborn-New_files/Regions-Clustering-Seaborn-New_57_0.
png Graphic file (type png)

<use Regions-Clustering-Seaborn-New_files/Regions-Clustering-Seaborn-New_57_0.p
ng>
Package pdftex.def Info: Regions-Clustering-Seaborn-New_files/Regions-Clusterin
g-Seaborn-New_57_0.png used on input line 921.
(pdftex.def)             Requested size: 1383.16412pt x 689.57455pt.

Underfull \hbox (badness 10000) in paragraph at lines 923--924

 []

[14 <./Regions-Clustering-Seaborn-New_files/Regions-Clustering-Seaborn-New_55_0
.png> <./Regions-Clustering-Seaborn-New_files/Regions-Clustering-Seaborn-New_57
_0.png>] [15]

! LaTeX Error: There's no line here to end.

See the LaTeX manual or LaTeX Companion for explanation.
Type  H <return>  for immediate help.
 ...                                              
                                                  
l.988 \\ Р
          ’С‹СЂР°Р¶РµРЅРёРµ \[
? 
[16]
<Regions-Clustering-Seaborn-New_files/Regions-Clustering-Seaborn-New_59_0.png, 
id=111, 1383.1675pt x 689.57625pt>
File: Regions-Clustering-Seaborn-New_files/Regions-Clustering-Seaborn-New_59_0.
png Graphic file (type png)

<use Regions-Clustering-Seaborn-New_files/Regions-Clustering-Seaborn-New_59_0.p
ng>
Package pdftex.def Info: Regions-Clustering-Seaborn-New_files/Regions-Clusterin
g-Seaborn-New_59_0.png used on input line 1028.
(pdftex.def)             Requested size: 1383.16412pt x 689.57455pt.

Underfull \hbox (badness 10000) in paragraph at lines 1030--1031

 []

[17 <./Regions-Clustering-Seaborn-New_files/Regions-Clustering-Seaborn-New_59_0
.png>]
<Regions-Clustering-Seaborn-New_files/Regions-Clustering-Seaborn-New_64_0.png, 
id=120, 1858.945pt x 1824.8175pt>
File: Regions-Clustering-Seaborn-New_files/Regions-Clustering-Seaborn-New_64_0.
png Graphic file (type png)

<use Regions-Clustering-Seaborn-New_files/Regions-Clustering-Seaborn-New_64_0.p
ng>
Package pdftex.def Info: Regions-Clustering-Seaborn-New_files/Regions-Clusterin
g-Seaborn-New_64_0.png used on input line 1090.
(pdftex.def)             Requested size: 1858.94049pt x 1824.81306pt.
 [18]
Underfull \hbox (badness 10000) in paragraph at lines 1092--1093

 []

[19 <./Regions-Clustering-Seaborn-New_files/Regions-Clustering-Seaborn-New_64_0
.png>] [20] [21]
Underfull \hbox (badness 10000) in paragraph at lines 1246--1252
[]\T2A/ppl/m/n/10.95 Произвјдем опре-де-ле-ние наи-луч-ше-го со-че-та-ния зна-ч
е-ний па-ра-мет-ров
 []


Underfull \hbox (badness 3439) in paragraph at lines 1246--1252
\T2A/ppl/m/n/10.95 RandomForestClassifier-а по-сред-ством про-сто-го пой-ска по
 сет-ке зна-че-ний па-ра-мет-ров.
 []


Underfull \hbox (badness 1824) in paragraph at lines 1246--1252
\T2A/ppl/m/n/10.95 Опре-де-ля-ем до-пу-сти-мые диа-па-зо-ны зна-че-ний раз-лич-
ных па-ра-мет-ров Random Forest-а,
 []

[22] [23] [24]
<Regions-Clustering-Seaborn-New_files/Regions-Clustering-Seaborn-New_85_1.png, 
id=168, 391.4625pt x 264.99pt>
File: Regions-Clustering-Seaborn-New_files/Regions-Clustering-Seaborn-New_85_1.
png Graphic file (type png)

<use Regions-Clustering-Seaborn-New_files/Regions-Clustering-Seaborn-New_85_1.p
ng>
Package pdftex.def Info: Regions-Clustering-Seaborn-New_files/Regions-Clusterin
g-Seaborn-New_85_1.png used on input line 1435.
(pdftex.def)             Requested size: 391.46153pt x 264.98935pt.
 [25]
Underfull \hbox (badness 10000) in paragraph at lines 1437--1438

 []

[26 <./Regions-Clustering-Seaborn-New_files/Regions-Clustering-Seaborn-New_85_1
.png>]
<Regions-Clustering-Seaborn-New_files/Regions-Clustering-Seaborn-New_91_0.png, 
id=179, 1482.53876pt x 1445.4pt>
File: Regions-Clustering-Seaborn-New_files/Regions-Clustering-Seaborn-New_91_0.
png Graphic file (type png)

<use Regions-Clustering-Seaborn-New_files/Regions-Clustering-Seaborn-New_91_0.p
ng>
Package pdftex.def Info: Regions-Clustering-Seaborn-New_files/Regions-Clusterin
g-Seaborn-New_91_0.png used on input line 1500.
(pdftex.def)             Requested size: 1482.53516pt x 1445.39648pt.
 [27]
Underfull \hbox (badness 10000) in paragraph at lines 1502--1503

 []


<Regions-Clustering-Seaborn-New_files/Regions-Clustering-Seaborn-New_91_1.png, 
id=184, 1432.35126pt x 1445.4pt>
File: Regions-Clustering-Seaborn-New_files/Regions-Clustering-Seaborn-New_91_1.
png Graphic file (type png)

<use Regions-Clustering-Seaborn-New_files/Regions-Clustering-Seaborn-New_91_1.p
ng>
Package pdftex.def Info: Regions-Clustering-Seaborn-New_files/Regions-Clusterin
g-Seaborn-New_91_1.png used on input line 1505.
(pdftex.def)             Requested size: 1432.34776pt x 1445.39648pt.
 [28 <./Regions-Clustering-Seaborn-New_files/Regions-Clustering-Seaborn-New_91_
0.png>]
Underfull \hbox (badness 10000) in paragraph at lines 1507--1508

 []


<Regions-Clustering-Seaborn-New_files/Regions-Clustering-Seaborn-New_91_2.png, 
id=190, 1408.26125pt x 1445.4pt>
File: Regions-Clustering-Seaborn-New_files/Regions-Clustering-Seaborn-New_91_2.
png Graphic file (type png)

<use Regions-Clustering-Seaborn-New_files/Regions-Clustering-Seaborn-New_91_2.p
ng>
Package pdftex.def Info: Regions-Clustering-Seaborn-New_files/Regions-Clusterin
g-Seaborn-New_91_2.png used on input line 1510.
(pdftex.def)             Requested size: 1408.25781pt x 1445.39648pt.
 [29 <./Regions-Clustering-Seaborn-New_files/Regions-Clustering-Seaborn-New_91_
1.png>]
Underfull \hbox (badness 10000) in paragraph at lines 1512--1513

 []


<Regions-Clustering-Seaborn-New_files/Regions-Clustering-Seaborn-New_91_3.png, 
id=196, 1457.445pt x 1445.4pt>
File: Regions-Clustering-Seaborn-New_files/Regions-Clustering-Seaborn-New_91_3.
png Graphic file (type png)

<use Regions-Clustering-Seaborn-New_files/Regions-Clustering-Seaborn-New_91_3.p
ng>
Package pdftex.def Info: Regions-Clustering-Seaborn-New_files/Regions-Clusterin
g-Seaborn-New_91_3.png used on input line 1515.
(pdftex.def)             Requested size: 1457.44145pt x 1445.39648pt.
 [30 <./Regions-Clustering-Seaborn-New_files/Regions-Clustering-Seaborn-New_91_
2.png>]
Underfull \hbox (badness 10000) in paragraph at lines 1517--1518

 []


<Regions-Clustering-Seaborn-New_files/Regions-Clustering-Seaborn-New_91_4.png, 
id=202, 1432.35126pt x 1441.385pt>
File: Regions-Clustering-Seaborn-New_files/Regions-Clustering-Seaborn-New_91_4.
png Graphic file (type png)

<use Regions-Clustering-Seaborn-New_files/Regions-Clustering-Seaborn-New_91_4.p
ng>
Package pdftex.def Info: Regions-Clustering-Seaborn-New_files/Regions-Clusterin
g-Seaborn-New_91_4.png used on input line 1520.
(pdftex.def)             Requested size: 1432.34776pt x 1441.38148pt.
 [31 <./Regions-Clustering-Seaborn-New_files/Regions-Clustering-Seaborn-New_91_
3.png>]
Underfull \hbox (badness 10000) in paragraph at lines 1522--1523

 []


<Regions-Clustering-Seaborn-New_files/Regions-Clustering-Seaborn-New_91_5.png, 
id=209, 1408.26125pt x 1441.385pt>
File: Regions-Clustering-Seaborn-New_files/Regions-Clustering-Seaborn-New_91_5.
png Graphic file (type png)

<use Regions-Clustering-Seaborn-New_files/Regions-Clustering-Seaborn-New_91_5.p
ng>
Package pdftex.def Info: Regions-Clustering-Seaborn-New_files/Regions-Clusterin
g-Seaborn-New_91_5.png used on input line 1525.
(pdftex.def)             Requested size: 1408.25781pt x 1441.38148pt.
 [32 <./Regions-Clustering-Seaborn-New_files/Regions-Clustering-Seaborn-New_91_
4.png>]
Underfull \hbox (badness 10000) in paragraph at lines 1527--1528

 []


<Regions-Clustering-Seaborn-New_files/Regions-Clustering-Seaborn-New_91_6.png, 
id=215, 1457.445pt x 1441.385pt>
File: Regions-Clustering-Seaborn-New_files/Regions-Clustering-Seaborn-New_91_6.
png Graphic file (type png)

<use Regions-Clustering-Seaborn-New_files/Regions-Clustering-Seaborn-New_91_6.p
ng>
Package pdftex.def Info: Regions-Clustering-Seaborn-New_files/Regions-Clusterin
g-Seaborn-New_91_6.png used on input line 1530.
(pdftex.def)             Requested size: 1457.44145pt x 1441.38148pt.
 [33 <./Regions-Clustering-Seaborn-New_files/Regions-Clustering-Seaborn-New_91_
5.png>]
Underfull \hbox (badness 10000) in paragraph at lines 1532--1533

 []


<Regions-Clustering-Seaborn-New_files/Regions-Clustering-Seaborn-New_91_7.png, 
id=221, 1408.26125pt x 1392.20125pt>
File: Regions-Clustering-Seaborn-New_files/Regions-Clustering-Seaborn-New_91_7.
png Graphic file (type png)

<use Regions-Clustering-Seaborn-New_files/Regions-Clustering-Seaborn-New_91_7.p
ng>
Package pdftex.def Info: Regions-Clustering-Seaborn-New_files/Regions-Clusterin
g-Seaborn-New_91_7.png used on input line 1535.
(pdftex.def)             Requested size: 1408.25781pt x 1392.19786pt.
 [34 <./Regions-Clustering-Seaborn-New_files/Regions-Clustering-Seaborn-New_91_
6.png>]
Underfull \hbox (badness 10000) in paragraph at lines 1537--1538

 []


<Regions-Clustering-Seaborn-New_files/Regions-Clustering-Seaborn-New_91_8.png, 
id=227, 1457.445pt x 1392.20125pt>
File: Regions-Clustering-Seaborn-New_files/Regions-Clustering-Seaborn-New_91_8.
png Graphic file (type png)

<use Regions-Clustering-Seaborn-New_files/Regions-Clustering-Seaborn-New_91_8.p
ng>
Package pdftex.def Info: Regions-Clustering-Seaborn-New_files/Regions-Clusterin
g-Seaborn-New_91_8.png used on input line 1540.
(pdftex.def)             Requested size: 1457.44145pt x 1392.19786pt.
 [35 <./Regions-Clustering-Seaborn-New_files/Regions-Clustering-Seaborn-New_91_
7.png>]
Underfull \hbox (badness 10000) in paragraph at lines 1542--1543

 []


<Regions-Clustering-Seaborn-New_files/Regions-Clustering-Seaborn-New_91_9.png, 
id=233, 1457.445pt x 1368.11125pt>
File: Regions-Clustering-Seaborn-New_files/Regions-Clustering-Seaborn-New_91_9.
png Graphic file (type png)

<use Regions-Clustering-Seaborn-New_files/Regions-Clustering-Seaborn-New_91_9.p
ng>
Package pdftex.def Info: Regions-Clustering-Seaborn-New_files/Regions-Clusterin
g-Seaborn-New_91_9.png used on input line 1545.
(pdftex.def)             Requested size: 1457.44145pt x 1368.10793pt.
 [36 <./Regions-Clustering-Seaborn-New_files/Regions-Clustering-Seaborn-New_91_
8.png>]
Underfull \hbox (badness 10000) in paragraph at lines 1547--1548

 []

[37 <./Regions-Clustering-Seaborn-New_files/Regions-Clustering-Seaborn-New_91_9
.png>] [38] [39] [40]
Underfull \hbox (badness 10000) in paragraph at lines 1719--1720

 []


Underfull \hbox (badness 10000) in paragraph at lines 1734--1735

 []

[41]
Underfull \hbox (badness 10000) in paragraph at lines 1764--1765

 []

[42]
Underfull \hbox (badness 10000) in paragraph at lines 1779--1780

 []

[43]
Underfull \hbox (badness 10000) in paragraph at lines 1794--1795

 []

[44]
Underfull \hbox (badness 10000) in paragraph at lines 1833--1834

 []

[45]
Underfull \hbox (badness 10000) in paragraph at lines 1848--1849

 []

[46] (/usr/share/texlive/texmf-dist/tex/latex/ucs/data/uni-3.def
File: uni-3.def 2013/05/13 UCS: Unicode data U+0300..U+03FF
)

! Package ucs Error: Please activate option 'combine'.

See the ucs package documentation for explanation.
Type  H <return>  for immediate help.
 ...                                              
                                                  
l.1934 ...СЃРїСѓМЃР±Р»РёРєР°}\PY{l+s+s1}{\PYZsq{}}
                                                  
? 
[47]

! Package ucs Error: Please activate option 'combine'.

See the ucs package documentation for explanation.
Type  H <return>  for immediate help.
 ...                                              
                                                  
l.1961 ...µМЃС‚РёСЏ}\PY{l+s+s1}{\PYZsq{}}\PY{p}{:}
                                                  
? 
[48] [49] [50] [51] [52] [53] [54] [55]
<Regions-Clustering-Seaborn-New_files/Regions-Clustering-Seaborn-New_139_1.png,
 id=331, 1381.16pt x 689.57625pt>
File: Regions-Clustering-Seaborn-New_files/Regions-Clustering-Seaborn-New_139_1
.png Graphic file (type png)

<use Regions-Clustering-Seaborn-New_files/Regions-Clustering-Seaborn-New_139_1.
png>
Package pdftex.def Info: Regions-Clustering-Seaborn-New_files/Regions-Clusterin
g-Seaborn-New_139_1.png used on input line 2413.
(pdftex.def)             Requested size: 1381.15663pt x 689.57455pt.

Underfull \hbox (badness 10000) in paragraph at lines 2415--2416

 []


<Regions-Clustering-Seaborn-New_files/Regions-Clustering-Seaborn-New_139_3.png,
 id=332, 1381.16pt x 689.57625pt>
File: Regions-Clustering-Seaborn-New_files/Regions-Clustering-Seaborn-New_139_3
.png Graphic file (type png)

<use Regions-Clustering-Seaborn-New_files/Regions-Clustering-Seaborn-New_139_3.
png>
Package pdftex.def Info: Regions-Clustering-Seaborn-New_files/Regions-Clusterin
g-Seaborn-New_139_3.png used on input line 2423.
(pdftex.def)             Requested size: 1381.15663pt x 689.57455pt.
 [56 <./Regions-Clustering-Seaborn-New_files/Regions-Clustering-Seaborn-New_139
_1.png>]
Underfull \hbox (badness 10000) in paragraph at lines 2425--2426

 []


<Regions-Clustering-Seaborn-New_files/Regions-Clustering-Seaborn-New_139_5.png,
 id=338, 1381.16pt x 689.57625pt>
File: Regions-Clustering-Seaborn-New_files/Regions-Clustering-Seaborn-New_139_5
.png Graphic file (type png)

<use Regions-Clustering-Seaborn-New_files/Regions-Clustering-Seaborn-New_139_5.
png>
Package pdftex.def Info: Regions-Clustering-Seaborn-New_files/Regions-Clusterin
g-Seaborn-New_139_5.png used on input line 2433.
(pdftex.def)             Requested size: 1381.15663pt x 689.57455pt.

Underfull \hbox (badness 10000) in paragraph at lines 2435--2436

 []


<Regions-Clustering-Seaborn-New_files/Regions-Clustering-Seaborn-New_139_7.png,
 id=339, 1381.16pt x 689.57625pt>
File: Regions-Clustering-Seaborn-New_files/Regions-Clustering-Seaborn-New_139_7
.png Graphic file (type png)

<use Regions-Clustering-Seaborn-New_files/Regions-Clustering-Seaborn-New_139_7.
png>
Package pdftex.def Info: Regions-Clustering-Seaborn-New_files/Regions-Clusterin
g-Seaborn-New_139_7.png used on input line 2443.
(pdftex.def)             Requested size: 1381.15663pt x 689.57455pt.
 [57 <./Regions-Clustering-Seaborn-New_files/Regions-Clustering-Seaborn-New_139
_3.png> <./Regions-Clustering-Seaborn-New_files/Regions-Clustering-Seaborn-New_
139_5.png>]
Underfull \hbox (badness 10000) in paragraph at lines 2445--2446

 []


<Regions-Clustering-Seaborn-New_files/Regions-Clustering-Seaborn-New_139_9.png,
 id=346, 1381.16pt x 689.57625pt>
File: Regions-Clustering-Seaborn-New_files/Regions-Clustering-Seaborn-New_139_9
.png Graphic file (type png)

<use Regions-Clustering-Seaborn-New_files/Regions-Clustering-Seaborn-New_139_9.
png>
Package pdftex.def Info: Regions-Clustering-Seaborn-New_files/Regions-Clusterin
g-Seaborn-New_139_9.png used on input line 2453.
(pdftex.def)             Requested size: 1381.15663pt x 689.57455pt.

Underfull \hbox (badness 10000) in paragraph at lines 2455--2456

 []


<Regions-Clustering-Seaborn-New_files/Regions-Clustering-Seaborn-New_139_11.png
, id=347, 1381.16pt x 689.57625pt>
File: Regions-Clustering-Seaborn-New_files/Regions-Clustering-Seaborn-New_139_1
1.png Graphic file (type png)

<use Regions-Clustering-Seaborn-New_files/Regions-Clustering-Seaborn-New_139_11
.png>
Package pdftex.def Info: Regions-Clustering-Seaborn-New_files/Regions-Clusterin
g-Seaborn-New_139_11.png used on input line 2463.
(pdftex.def)             Requested size: 1381.15663pt x 689.57455pt.
 [58 <./Regions-Clustering-Seaborn-New_files/Regions-Clustering-Seaborn-New_139
_7.png> <./Regions-Clustering-Seaborn-New_files/Regions-Clustering-Seaborn-New_
139_9.png>]
Underfull \hbox (badness 10000) in paragraph at lines 2465--2466

 []


<Regions-Clustering-Seaborn-New_files/Regions-Clustering-Seaborn-New_139_13.png
, id=354, 1381.16pt x 689.57625pt>
File: Regions-Clustering-Seaborn-New_files/Regions-Clustering-Seaborn-New_139_1
3.png Graphic file (type png)

<use Regions-Clustering-Seaborn-New_files/Regions-Clustering-Seaborn-New_139_13
.png>
Package pdftex.def Info: Regions-Clustering-Seaborn-New_files/Regions-Clusterin
g-Seaborn-New_139_13.png used on input line 2473.
(pdftex.def)             Requested size: 1381.15663pt x 689.57455pt.

Underfull \hbox (badness 10000) in paragraph at lines 2475--2476

 []


<Regions-Clustering-Seaborn-New_files/Regions-Clustering-Seaborn-New_139_15.png
, id=355, 1381.16pt x 689.57625pt>
File: Regions-Clustering-Seaborn-New_files/Regions-Clustering-Seaborn-New_139_1
5.png Graphic file (type png)

<use Regions-Clustering-Seaborn-New_files/Regions-Clustering-Seaborn-New_139_15
.png>
Package pdftex.def Info: Regions-Clustering-Seaborn-New_files/Regions-Clusterin
g-Seaborn-New_139_15.png used on input line 2483.
(pdftex.def)             Requested size: 1381.15663pt x 689.57455pt.
 [59 <./Regions-Clustering-Seaborn-New_files/Regions-Clustering-Seaborn-New_139
_11.png> <./Regions-Clustering-Seaborn-New_files/Regions-Clustering-Seaborn-New
_139_13.png>]
Underfull \hbox (badness 10000) in paragraph at lines 2485--2486

 []


<Regions-Clustering-Seaborn-New_files/Regions-Clustering-Seaborn-New_139_17.png
, id=362, 1381.16pt x 689.57625pt>
File: Regions-Clustering-Seaborn-New_files/Regions-Clustering-Seaborn-New_139_1
7.png Graphic file (type png)

<use Regions-Clustering-Seaborn-New_files/Regions-Clustering-Seaborn-New_139_17
.png>
Package pdftex.def Info: Regions-Clustering-Seaborn-New_files/Regions-Clusterin
g-Seaborn-New_139_17.png used on input line 2493.
(pdftex.def)             Requested size: 1381.15663pt x 689.57455pt.

Underfull \hbox (badness 10000) in paragraph at lines 2495--2496

 []


<Regions-Clustering-Seaborn-New_files/Regions-Clustering-Seaborn-New_139_19.png
, id=363, 1381.16pt x 689.57625pt>
File: Regions-Clustering-Seaborn-New_files/Regions-Clustering-Seaborn-New_139_1
9.png Graphic file (type png)

<use Regions-Clustering-Seaborn-New_files/Regions-Clustering-Seaborn-New_139_19
.png>
Package pdftex.def Info: Regions-Clustering-Seaborn-New_files/Regions-Clusterin
g-Seaborn-New_139_19.png used on input line 2503.
(pdftex.def)             Requested size: 1381.15663pt x 689.57455pt.
 [60 <./Regions-Clustering-Seaborn-New_files/Regions-Clustering-Seaborn-New_139
_15.png> <./Regions-Clustering-Seaborn-New_files/Regions-Clustering-Seaborn-New
_139_17.png>]
Underfull \hbox (badness 10000) in paragraph at lines 2505--2506

 []

[61 <./Regions-Clustering-Seaborn-New_files/Regions-Clustering-Seaborn-New_139_
19.png>]

Package hyperref Warning: Glyph not defined in PD1 encoding,
(hyperref)                removing `\CYRS' on input line 2523.


Package hyperref Warning: Glyph not defined in PD1 encoding,
(hyperref)                removing `\cyrp' on input line 2523.


Package hyperref Warning: Glyph not defined in PD1 encoding,
(hyperref)                removing `\cyri' on input line 2523.


Package hyperref Warning: Glyph not defined in PD1 encoding,
(hyperref)                removing `\cyrs' on input line 2523.


Package hyperref Warning: Glyph not defined in PD1 encoding,
(hyperref)                removing `\cyro' on input line 2523.


Package hyperref Warning: Glyph not defined in PD1 encoding,
(hyperref)                removing `\cyrk' on input line 2523.


Package hyperref Warning: Glyph not defined in PD1 encoding,
(hyperref)                removing `\cyri' on input line 2523.


Package hyperref Warning: Glyph not defined in PD1 encoding,
(hyperref)                removing `\cyrs' on input line 2523.


Package hyperref Warning: Glyph not defined in PD1 encoding,
(hyperref)                removing `\cyrt' on input line 2523.


Package hyperref Warning: Glyph not defined in PD1 encoding,
(hyperref)                removing `\cyro' on input line 2523.


Package hyperref Warning: Glyph not defined in PD1 encoding,
(hyperref)                removing `\cyrch' on input line 2523.


Package hyperref Warning: Glyph not defined in PD1 encoding,
(hyperref)                removing `\cyrn' on input line 2523.


Package hyperref Warning: Glyph not defined in PD1 encoding,
(hyperref)                removing `\cyri' on input line 2523.


Package hyperref Warning: Glyph not defined in PD1 encoding,
(hyperref)                removing `\cyrk' on input line 2523.


Package hyperref Warning: Glyph not defined in PD1 encoding,
(hyperref)                removing `\cyro' on input line 2523.


Package hyperref Warning: Glyph not defined in PD1 encoding,
(hyperref)                removing `\cyrv' on input line 2523.


LaTeX Font Warning: Font shape `T2A/ppl/bx/n' undefined
(Font)              using `T2A/ppl/m/n' instead on input line 2525.

Package atveryend Info: Empty hook `BeforeClearDocument' on input line 2541.
[62]
Package atveryend Info: Empty hook `AfterLastShipout' on input line 2541.
 (./Regions-Clustering-Seaborn-New-With-Code.aux
LaTeX Font Info:    Try loading font information for T1+ppl on input line 21.

(/usr/share/texlive/texmf-dist/tex/latex/psnfss/t1ppl.fd
File: t1ppl.fd 2001/06/04 font definitions for T1/ppl.
))
Package atveryend Info: Executing hook `AtVeryEndDocument' on input line 2541.
Package atveryend Info: Executing hook `AtEndAfterFileList' on input line 2541.

Package rerunfilecheck Info: File `Regions-Clustering-Seaborn-New-With-Code.out
' has not changed.
(rerunfilecheck)             Checksum: CE3BB0A70438DBB934A14A263F716B22;34.


LaTeX Font Warning: Some font shapes were not available, defaults substituted.

Package atveryend Info: Empty hook `AtVeryVeryEnd' on input line 2541.
 ) 
Here is how much of TeX's memory you used:
 13527 strings out of 494507
 204741 string characters out of 6173545
 296260 words of memory out of 5000000
 16388 multiletter control sequences out of 15000+600000
 32064 words of font info for 89 fonts, out of 8000000 for 9000
 430 hyphenation exceptions out of 8191
 36i,12n,38p,2682b,680s stack positions out of 5000i,500n,10000p,200000b,80000s
 </home/uldo/.texmf-var/fonts/pk/ljfour/lh/lh-t2a/larm1440.600pk> </home/uldo
/.texmf-var/fonts/pk/ljfour/lh/lh-t2a/lait1095.600pk>{/usr/share/texlive/texmf-
dist/fonts/enc/dvips/base/8r.enc} </home/uldo/.texmf-var/fonts/pk/ljfour/jknapp
en/ec/tctt1095.600pk> </home/uldo/.texmf-var/fonts/pk/ljfour/lh/lh-t2a/latt1095
.600pk> </home/uldo/.texmf-var/fonts/pk/ljfour/lh/lh-t2a/larm1095.600pk> </home
/uldo/.texmf-var/fonts/pk/ljfour/lh/lh-t2a/larm1728.600pk></usr/share/texlive/t
exmf-dist/fonts/type1/public/amsfonts/cm/cmex10.pfb></usr/share/texlive/texmf-d
ist/fonts/type1/public/amsfonts/cm/cmr10.pfb></usr/share/texlive/texmf-dist/fon
ts/type1/public/amsfonts/cm/cmsy10.pfb></usr/share/texlive/texmf-dist/fonts/typ
e1/public/mathpazo/fplmr.pfb></usr/share/texlive/texmf-dist/fonts/type1/public/
mathpazo/fplmri.pfb></usr/share/texlive/texmf-dist/fonts/type1/urw/palatino/upl
r8a.pfb></usr/share/texlive/texmf-dist/fonts/type1/urw/palatino/uplri8a.pfb>
Output written on Regions-Clustering-Seaborn-New-With-Code.pdf (62 pages, 37257
13 bytes).
PDF statistics:
 800 PDF objects out of 1000 (max. 8388607)
 336 compressed objects within 4 object streams
 93 named destinations out of 1000 (max. 500000)
 149 words of extra memory for PDF output out of 10000 (max. 10000000)

